<?xml version="1.0" encoding="UTF-8"?>
<testng-results ignored="0" total="1" passed="1" failed="0" skipped="0">
  <reporter-output>
  </reporter-output>
  <suite started-at="2022-06-01T09:13:19 IST" name="Default suite" finished-at="2022-06-01T09:13:33 IST" duration-ms="13186">
    <groups>
    </groups>
    <test started-at="2022-06-01T09:13:19 IST" name="Default test" finished-at="2022-06-01T09:13:33 IST" duration-ms="13186">
      <class name="POM.TestMethodClass">
        <test-method signature="testMethod()[pri:0, instance:POM.TestMethodClass@49b0b76]" started-at="2022-06-01T09:13:20 IST" name="testMethod" finished-at="2022-06-01T09:13:33 IST" duration-ms="13119" status="PASS">
          <reporter-output>
          </reporter-output>
        </test-method> <!-- testMethod -->
      </class> <!-- POM.TestMethodClass -->
    </test> <!-- Default test -->
  </suite> <!-- Default suite -->
</testng-results>
